<?xml version="1.0" encoding="UTF-8"?>
<testng-results ignored="0" total="1" passed="1" failed="0" skipped="0">
  <reporter-output>
  </reporter-output>
  <suite started-at="2023-09-29T13:19:09 EDT" name="Default suite" finished-at="2023-09-29T13:20:38 EDT" duration-ms="88754">
    <groups>
    </groups>
    <test started-at="2023-09-29T13:19:09 EDT" name="Default test" finished-at="2023-09-29T13:20:38 EDT" duration-ms="88754">
      <class name="amazon_searchResults.AmazonSearchResultsTest">
        <test-method is-config="true" signature="setUp()[pri:0, instance:amazon_searchResults.AmazonSearchResultsTest@485966cc]" started-at="2023-09-29T13:19:09 EDT" name="setUp" finished-at="2023-09-29T13:19:37 EDT" duration-ms="28168" status="PASS">
          <reporter-output>
          </reporter-output>
        </test-method> <!-- setUp -->
        <test-method signature="searchResuktDisplayed()[pri:0, instance:amazon_searchResults.AmazonSearchResultsTest@485966cc]" started-at="2023-09-29T13:19:37 EDT" name="searchResuktDisplayed" finished-at="2023-09-29T13:20:37 EDT" duration-ms="59964" status="PASS">
          <reporter-output>
          </reporter-output>
        </test-method> <!-- searchResuktDisplayed -->
        <test-method is-config="true" signature="tearDown()[pri:0, instance:amazon_searchResults.AmazonSearchResultsTest@485966cc]" started-at="2023-09-29T13:20:37 EDT" name="tearDown" finished-at="2023-09-29T13:20:38 EDT" duration-ms="607" status="PASS">
          <reporter-output>
          </reporter-output>
        </test-method> <!-- tearDown -->
      </class> <!-- amazon_searchResults.AmazonSearchResultsTest -->
    </test> <!-- Default test -->
  </suite> <!-- Default suite -->
</testng-results>
